test[07-Dec-2020 12:32:36 UTC] PHP Deprecated:  Non-static method VWrateStarReview::the_content() should not be called statically in /Users/chunkaigao/GoGet/GoGet/wp-includes/class-wp-hook.php on line 287
[07-Dec-2020 12:32:36 UTC] 作者背景<a style="color:#FF0000;font-size:20px;">*</a>:bbp_457b7767808ad252e0676b37fac467369e0b9efb_content
[07-Dec-2020 12:32:36 UTC] PHP Warning:  call_user_func() expects parameter 1 to be a valid callback, function 'bbp_get_form_bbp_457b7767808ad252e0676b37fac467369e0b9efb_content_content' not found or invalid function name in /Users/chunkaigao/GoGet/GoGet/wp-content/plugins/bbpress/includes/common/template.php on line 1882
[07-Dec-2020 12:32:36 UTC] 準備過程<a style="color:#FF0000;font-size:20px;">*</a>:bbp_dfb7abf99ae15b24991440068e544f78204c2e9f_content
[07-Dec-2020 12:32:36 UTC] PHP Warning:  call_user_func() expects parameter 1 to be a valid callback, function 'bbp_get_form_bbp_dfb7abf99ae15b24991440068e544f78204c2e9f_content_content' not found or invalid function name in /Users/chunkaigao/GoGet/GoGet/wp-content/plugins/bbpress/includes/common/template.php on line 1882
[07-Dec-2020 12:32:36 UTC] 面試過程<a style="color:#FF0000;font-size:20px;">*</a>:bbp_c22b908c433f00c332aab32593798008de6597af_content
[07-Dec-2020 12:32:36 UTC] PHP Warning:  call_user_func() expects parameter 1 to be a valid callback, function 'bbp_get_form_bbp_c22b908c433f00c332aab32593798008de6597af_content_content' not found or invalid function name in /Users/chunkaigao/GoGet/GoGet/wp-content/plugins/bbpress/includes/common/template.php on line 1882
[07-Dec-2020 12:32:36 UTC] 心得建議:bbp_f768cbc478b0a0ac96472e82df81cc7480dc94d5_content
[07-Dec-2020 12:32:36 UTC] PHP Warning:  call_user_func() expects parameter 1 to be a valid callback, function 'bbp_get_form_bbp_f768cbc478b0a0ac96472e82df81cc7480dc94d5_content_content' not found or invalid function name in /Users/chunkaigao/GoGet/GoGet/wp-content/plugins/bbpress/includes/common/template.php on line 1882
[07-Dec-2020 12:32:36 UTC] PHP Notice:  Undefined offset: 1 in /Users/chunkaigao/GoGet/GoGet/wp-content/plugins/andy-bbp-custom-form/andy-bbp-custom-form.php on line 217
[07-Dec-2020 12:32:36 UTC] PHP Notice:  Undefined offset: 2 in /Users/chunkaigao/GoGet/GoGet/wp-content/plugins/andy-bbp-custom-form/andy-bbp-custom-form.php on line 218


[07-Dec-2020 12:33:41 UTC] 加上欄位：公司名稱  hash:1024784761712dd859babaa33e4f437b2583caa7
[07-Dec-2020 12:33:41 UTC] 欄位值:dfa
[07-Dec-2020 12:33:41 UTC] 加上欄位：職務名稱  hash:e09d0fbe50f994c4d1595c8636d49cba78865397
[07-Dec-2020 12:33:41 UTC] 欄位值:ads
[07-Dec-2020 12:33:41 UTC] 加上欄位：是否匿名發布  hash:40d3b9d514d3b9380d2e5530ce02b1a1a3a2fcac
[07-Dec-2020 12:33:41 UTC] 加上欄位：作者背景<a style="color:#FF0000;font-size:20px;">*</a>  hash:457b7767808ad252e0676b37fac467369e0b9efb
[07-Dec-2020 12:33:41 UTC] 加上欄位：面試時間<a style="color:#FF0000;font-size:20px;">*</a>  hash:c4c585495e91ada4bfae43ed3a7efbac09511f86
[07-Dec-2020 12:33:41 UTC] 加上欄位：面試地點  hash:dd54e4ae1903d4db91a48128176de802349c0a17
[07-Dec-2020 12:33:41 UTC] 加上欄位：面試難度  hash:4ad557fca36d5ced23acb5fb8dc89234348b8477
[07-Dec-2020 12:33:41 UTC] 加上欄位：面試結果  hash:3e928f1b7dca03dbbfe4f78dd691ea7fee8ccb75
[07-Dec-2020 12:33:41 UTC] 加上欄位：面試項目  hash:cd8e795d26803c8af5f397a6fd5bae7307d3f622
[07-Dec-2020 12:33:41 UTC] 加上欄位：準備過程<a style="color:#FF0000;font-size:20px;">*</a>  hash:dfb7abf99ae15b24991440068e544f78204c2e9f
[07-Dec-2020 12:33:41 UTC] 加上欄位：面試過程<a style="color:#FF0000;font-size:20px;">*</a>  hash:c22b908c433f00c332aab32593798008de6597af
[07-Dec-2020 12:33:41 UTC] 加上欄位：心得建議  hash:f768cbc478b0a0ac96472e82df81cc7480dc94d5
[07-Dec-2020 12:33:41 UTC] 加上欄位：標籤<a style="color:#FF0000;font-size:20px;">!!!</a>  hash:68d603f8aa849c5fc2f7570256cf1d12f61801b3
[07-Dec-2020 12:33:41 UTC] 加上欄位：產業  hash:bcc35b9b08e8bfb120bedeaf17ea66cf4b2e28da
[07-Dec-2020 12:33:41 UTC] 加上欄位：自創標籤  hash:da22dd304aa96c264f36d3710217417548ed9625
[07-Dec-2020 12:33:41 UTC] 加上欄位：  hash:9c1185a5c5e9fc54612808977ee8f548b2258d31
[07-Dec-2020 12:33:41 UTC] PHP Deprecated:  Non-static method VWrateStarReview::the_content() should not be called statically in /Users/chunkaigao/GoGet/GoGet/wp-includes/class-wp-hook.php on line 287
[07-Dec-2020 12:33:41 UTC] 作者背景<a style="color:#FF0000;font-size:20px;">*</a>:bbp_457b7767808ad252e0676b37fac467369e0b9efb_content
[07-Dec-2020 12:33:41 UTC] PHP Warning:  call_user_func() expects parameter 1 to be a valid callback, function 'bbp_get_form_bbp_457b7767808ad252e0676b37fac467369e0b9efb_content_content' not found or invalid function name in /Users/chunkaigao/GoGet/GoGet/wp-content/plugins/bbpress/includes/common/template.php on line 1882
[07-Dec-2020 12:33:41 UTC] 準備過程<a style="color:#FF0000;font-size:20px;">*</a>:bbp_dfb7abf99ae15b24991440068e544f78204c2e9f_content
[07-Dec-2020 12:33:41 UTC] PHP Warning:  call_user_func() expects parameter 1 to be a valid callback, function 'bbp_get_form_bbp_dfb7abf99ae15b24991440068e544f78204c2e9f_content_content' not found or invalid function name in /Users/chunkaigao/GoGet/GoGet/wp-content/plugins/bbpress/includes/common/template.php on line 1882
[07-Dec-2020 12:33:41 UTC] 面試過程<a style="color:#FF0000;font-size:20px;">*</a>:bbp_c22b908c433f00c332aab32593798008de6597af_content
[07-Dec-2020 12:33:41 UTC] PHP Warning:  call_user_func() expects parameter 1 to be a valid callback, function 'bbp_get_form_bbp_c22b908c433f00c332aab32593798008de6597af_content_content' not found or invalid function name in /Users/chunkaigao/GoGet/GoGet/wp-content/plugins/bbpress/includes/common/template.php on line 1882
[07-Dec-2020 12:33:41 UTC] 心得建議:bbp_f768cbc478b0a0ac96472e82df81cc7480dc94d5_content
[07-Dec-2020 12:33:41 UTC] PHP Warning:  call_user_func() expects parameter 1 to be a valid callback, function 'bbp_get_form_bbp_f768cbc478b0a0ac96472e82df81cc7480dc94d5_content_content' not found or invalid function name in /Users/chunkaigao/GoGet/GoGet/wp-content/plugins/bbpress/includes/common/template.php on line 1882
[07-Dec-2020 12:33:41 UTC] PHP Notice:  Undefined offset: 1 in /Users/chunkaigao/GoGet/GoGet/wp-content/plugins/andy-bbp-custom-form/andy-bbp-custom-form.php on line 217
[07-Dec-2020 12:33:41 UTC] PHP Notice:  Undefined offset: 2 in /Users/chunkaigao/GoGet/GoGet/wp-content/plugins/andy-bbp-custom-form/andy-bbp-custom-form.php on line 218
